<?xml version="1.0" encoding="UTF-8"?>
<!-- Generated by org.testng.reporters.JUnitXMLReporter -->
<testsuite hostname="RAJRASIN-T480" ignored="0" name="Test" tests="12" failures="0" timestamp="29 Aug 2022 21:21:39 GMT" time="0.029" errors="0">
  <testcase name="tes7" time="0.005" classname="tests.Test2"/>
  <testcase name="test5" time="0.0" classname="tests.Test2"/>
  <testcase name="test6" time="0.0" classname="tests.Test2"/>
  <testcase name="test8" time="0.0" classname="tests.Test2"/>
  <testcase name="tes3" time="0.0" classname="tests.Test1"/>
  <testcase name="test1" time="0.0" classname="tests.Test1"/>
  <testcase name="test2" time="0.0" classname="tests.Test1"/>
  <testcase name="test4" time="0.0" classname="tests.Test1"/>
  <testcase name="tes11" time="0.0" classname="tests.Test3"/>
  <testcase name="test10" time="0.0" classname="tests.Test3"/>
  <testcase name="test12" time="0.0" classname="tests.Test3"/>
  <testcase name="test9" time="0.0" classname="tests.Test3"/>
</testsuite> <!-- Test -->
